<?xml version="1.0" encoding="UTF-8"?>
<testsuites name="checkout_suites" time="86.358" tests="1" failures="0" errors="0">
   <testsuite name="checkout_suites" tests="1" failures="0" errors="0" time="86.358" skipped="0" timestamp="19-08-2024T17:49:13" hostname="ThinkPad - DESKTOP-KRB1AQB" id="Test Suites/HappyDayShopping_Suites/checkout_suites">
      <properties>
         <property name="deviceName" value="emulator-5554 (sdk_gphone_x86 - Android 11)"/>
         <property name="devicePlatform" value="Android"/>
         <property name="logFolder" value="D:\\bootcamp\\Katalon\\Katalon_Tugas\\educy-git\\Reports\\20240819_174905\\HappyDayShopping_Suites\\checkout_suites\\20240819_174905"/>
         <property name="logFiles" value="D:\\bootcamp\\Katalon\\Katalon_Tugas\\educy-git\\Reports\\20240819_174905\\HappyDayShopping_Suites\\checkout_suites\\20240819_174905\\appium.log, D:\\bootcamp\\Katalon\\Katalon_Tugas\\educy-git\\Reports\\20240819_174905\\HappyDayShopping_Suites\\checkout_suites\\20240819_174905\\appium_error.log, D:\\bootcamp\\Katalon\\Katalon_Tugas\\educy-git\\Reports\\20240819_174905\\HappyDayShopping_Suites\\checkout_suites\\20240819_174905\\execution0.log"/>
         <property name="attachments" value="D:\\bootcamp\\Katalon\\Katalon_Tugas\\educy-git\\Reports\\20240819_174905\\HappyDayShopping_Suites\\checkout_suites\\20240819_174905\\Happy Shopping"/>
         <property name="hostName" value="ThinkPad - DESKTOP-KRB1AQB"/>
         <property name="os" value="Windows 11 64bit"/>
         <property name="appiumServerStatus" value="{&quot;value&quot;:{&quot;ready&quot;:true,&quot;message&quot;:&quot;The server is ready to accept new connections&quot;,&quot;build&quot;:{&quot;version&quot;:&quot;2.10.3&quot;}}}"/>
         <property name="katalonVersion" value="9.6.0.217"/>
         <property name="deviceOS" value="Android"/>
         <property name="appiumVersion" value="2.10.3"/>
         <property name="deviceModel" value="sdk_gphone_x86"/>
         <property name="hostAddress" value="192.168.1.15"/>
         <property name="deviceManufacturer" value="Google"/>
         <property name="deviceId" value="emulator-5554"/>
         <property name="deviceName" value="emulator-5554 (sdk_gphone_x86 - Android 11)"/>
         <property name="deviceOSVersion" value="11"/>
      </properties>
      <testcase name="Test Cases/HappyDayShopping/checkout_product" time="86.016" classname="Test Cases/HappyDayShopping/checkout_product" status="PASSED">
         <system-out><![CDATA[19-08-2024T17:49:13 - [TEST_CASE][PASSED] - Test Cases/HappyDayShopping/checkout_product: Test Cases/HappyDayShopping/checkout_product

19-08-2024T17:49:14 - [TEST_STEP][PASSED] - startApplication("MobileAPP/HappyDayShopping_1.1.apk", true): Started application: 'D:\bootcamp\Katalon\Katalon_Tugas\educy-git\MobileAPP\HappyDayShopping_1.1.apk'

19-08-2024T17:49:15 - [MESSAGE][INFO] - Starting application: 'D:\bootcamp\Katalon\Katalon_Tugas\educy-git\MobileAPP\HappyDayShopping_1.1.apk'

19-08-2024T17:49:15 - [MESSAGE][INFO] - User set preference: ['appWaitActivity', '*']

19-08-2024T17:49:15 - [MESSAGE][INFO] - User set preference: ['deviceId', '']

19-08-2024T17:49:15 - [MESSAGE][INFO] - Detected NodeJS location: "C:\Program Files\nodejs\node.exe"

19-08-2024T17:49:21 - [MESSAGE][INFO] - PATH: C:\Program Files\nodejs;

19-08-2024T17:49:21 - [MESSAGE][INFO] - APPIUM_HOME: C:\Users\ThinkPad\.appium

19-08-2024T17:49:21 - [MESSAGE][INFO] - appium outlog: D:\bootcamp\Katalon\Katalon_Tugas\educy-git\Reports\20240819_174905\HappyDayShopping_Suites\checkout_suites\20240819_174905\appium.log

19-08-2024T17:49:21 - [MESSAGE][INFO] - appium errlog: D:\bootcamp\Katalon\Katalon_Tugas\educy-git\Reports\20240819_174905\HappyDayShopping_Suites\checkout_suites\20240819_174905\appium_error.log

19-08-2024T17:49:26 - [MESSAGE][INFO] - Appium server started on port 57,034

19-08-2024T17:49:46 - [MESSAGE][PASSED] - Started application: 'D:\bootcamp\Katalon\Katalon_Tugas\educy-git\MobileAPP\HappyDayShopping_1.1.apk'

19-08-2024T17:49:46 - [TEST_STEP][PASSED] - delay(10, STOP_ON_FAILURE): Delayed 10 second(s)

19-08-2024T17:49:57 - [MESSAGE][PASSED] - Delayed 10 second(s)

19-08-2024T17:49:57 - [TEST_STEP][PASSED] - tap(findTestObject("Object Repository/Mobile_HappyDayShopping/click_promotion_button"), 0): Tapped on element 'Object Repository/Mobile_HappyDayShopping/click_promotion_button'

19-08-2024T17:49:57 - [MESSAGE][WARNING] - Timeout '0' is invalid. Using default page load timeout: '30'

19-08-2024T17:49:59 - [MESSAGE][PASSED] - Tapped on element 'Object Repository/Mobile_HappyDayShopping/click_promotion_button'

19-08-2024T17:49:59 - [TEST_STEP][PASSED] - delay(15, STOP_ON_FAILURE): Delayed 15 second(s)

19-08-2024T17:50:14 - [MESSAGE][PASSED] - Delayed 15 second(s)

19-08-2024T17:50:14 - [TEST_STEP][PASSED] - tap(findTestObject("Object Repository/Mobile_HappyDayShopping/click_product"), 0): Tapped on element 'Object Repository/Mobile_HappyDayShopping/click_product'

19-08-2024T17:50:14 - [MESSAGE][WARNING] - Timeout '0' is invalid. Using default page load timeout: '30'

19-08-2024T17:50:14 - [MESSAGE][PASSED] - Tapped on element 'Object Repository/Mobile_HappyDayShopping/click_product'

19-08-2024T17:50:14 - [TEST_STEP][PASSED] - tap(findTestObject("Object Repository/Mobile_HappyDayShopping/click_AddtoBag"), 0): Tapped on element 'Object Repository/Mobile_HappyDayShopping/click_AddtoBag'

19-08-2024T17:50:14 - [MESSAGE][WARNING] - Timeout '0' is invalid. Using default page load timeout: '30'

19-08-2024T17:50:16 - [MESSAGE][PASSED] - Tapped on element 'Object Repository/Mobile_HappyDayShopping/click_AddtoBag'

19-08-2024T17:50:16 - [TEST_STEP][PASSED] - delay(5, STOP_ON_FAILURE): Delayed 5 second(s)

19-08-2024T17:50:21 - [MESSAGE][PASSED] - Delayed 5 second(s)

19-08-2024T17:50:21 - [TEST_STEP][PASSED] - tap(findTestObject("Object Repository/Mobile_HappyDayShopping/click_YourBag"), 0): Tapped on element 'Object Repository/Mobile_HappyDayShopping/click_YourBag'

19-08-2024T17:50:21 - [MESSAGE][WARNING] - Timeout '0' is invalid. Using default page load timeout: '30'

19-08-2024T17:50:21 - [MESSAGE][PASSED] - Tapped on element 'Object Repository/Mobile_HappyDayShopping/click_YourBag'

19-08-2024T17:50:21 - [TEST_STEP][PASSED] - delay(5, STOP_ON_FAILURE): Delayed 5 second(s)

19-08-2024T17:50:26 - [MESSAGE][PASSED] - Delayed 5 second(s)

19-08-2024T17:50:26 - [TEST_STEP][PASSED] - tap(findTestObject("Object Repository/Mobile_HappyDayShopping/click_Checkout"), 0): Tapped on element 'Object Repository/Mobile_HappyDayShopping/click_Checkout'

19-08-2024T17:50:26 - [MESSAGE][WARNING] - Timeout '0' is invalid. Using default page load timeout: '30'

19-08-2024T17:50:26 - [MESSAGE][PASSED] - Tapped on element 'Object Repository/Mobile_HappyDayShopping/click_Checkout'

19-08-2024T17:50:26 - [TEST_STEP][PASSED] - delay(7, STOP_ON_FAILURE): Delayed 7 second(s)

19-08-2024T17:50:33 - [MESSAGE][PASSED] - Delayed 7 second(s)

19-08-2024T17:50:33 - [TEST_STEP][PASSED] - verifyElementVisible(findTestObject("Mobile_HappyDayShopping/verify_success2"), 0): Element 'Object Repository/Mobile_HappyDayShopping/verify_success2' is visible

19-08-2024T17:50:34 - [MESSAGE][WARNING] - Timeout '0' is invalid. Using default page load timeout: '30'

19-08-2024T17:50:34 - [MESSAGE][PASSED] - Element 'Object Repository/Mobile_HappyDayShopping/verify_success2' is visible

19-08-2024T17:50:34 - [TEST_STEP][PASSED] - takeScreenshot("Happy Shopping", STOP_ON_FAILURE): Screenshot is taken

19-08-2024T17:50:35 - [MESSAGE][PASSED] - Screenshot is taken
[[ATTACHMENT|D:\\bootcamp\\Katalon\\Katalon_Tugas\\educy-git\\Reports\\20240819_174905\\HappyDayShopping_Suites\\checkout_suites\\20240819_174905\\Happy Shopping]]

19-08-2024T17:50:35 - [TEST_STEP][PASSED] - closeApplication(): Close app successfully

19-08-2024T17:50:39 - [MESSAGE][PASSED] - Close app successfully]]></system-out>
         <system-err><![CDATA[]]></system-err>
      </testcase>
      <system-out><![CDATA[19-08-2024T17:49:13 - [TEST_SUITE][PASSED] - checkout_suites: Test Cases/HappyDayShopping/checkout_product]]></system-out>
      <system-err><![CDATA[]]></system-err>
   </testsuite>
</testsuites>
